2025-05-22 20:26:11,056 INFO: AI-IDS API服务启动 [in D:\uaes_project\python项目\AI_attack\ai_ids\app.py:49]
2025-05-22 20:26:11,088 INFO: 加载模型... [in D:\uaes_project\python项目\AI_attack\ai_ids\app.py:76]
2025-05-22 20:26:11,323 INFO: 所有模型加载成功 [in D:\uaes_project\python项目\AI_attack\ai_ids\app.py:85]
2025-05-22 20:26:11,324 INFO: 定时任务已设置 [in D:\uaes_project\python项目\AI_attack\ai_ids\app.py:206]
2025-05-22 20:26:11,327 INFO: 开始自动零日攻击检测 (最近2小时)... [in D:\uaes_project\python项目\AI_attack\ai_ids\app.py:140]
2025-05-22 20:26:11,363 INFO: 告警数据不足，无法进行检测，当前只有 1 条告警 [in D:\uaes_project\python项目\AI_attack\ai_ids\app.py:155]
2025-05-22 20:34:34,619 INFO: AI-IDS API服务启动 [in D:\uaes_project\python项目\AI_attack\ai_ids\app.py:55]
2025-05-22 20:34:34,652 INFO: 加载模型... [in D:\uaes_project\python项目\AI_attack\ai_ids\app.py:82]
2025-05-22 20:34:35,000 INFO: 所有模型加载成功 [in D:\uaes_project\python项目\AI_attack\ai_ids\app.py:91]
2025-05-22 20:34:35,002 INFO: 定时任务已设置 [in D:\uaes_project\python项目\AI_attack\ai_ids\app.py:212]
2025-05-22 20:34:35,005 INFO: 开始自动零日攻击检测 (最近2小时)... [in D:\uaes_project\python项目\AI_attack\ai_ids\app.py:146]
2025-05-22 20:34:35,033 INFO: 告警数据不足，无法进行检测，当前只有 1 条告警 [in D:\uaes_project\python项目\AI_attack\ai_ids\app.py:161]
2025-05-22 20:34:51,691 INFO: AI-IDS API服务启动 [in D:\uaes_project\python项目\AI_attack\ai_ids\app.py:55]
2025-05-22 20:34:51,730 INFO: 加载模型... [in D:\uaes_project\python项目\AI_attack\ai_ids\app.py:82]
2025-05-22 20:34:51,984 INFO: 所有模型加载成功 [in D:\uaes_project\python项目\AI_attack\ai_ids\app.py:91]
2025-05-22 20:34:51,985 INFO: 定时任务已设置 [in D:\uaes_project\python项目\AI_attack\ai_ids\app.py:212]
2025-05-22 20:34:51,988 INFO: 开始自动零日攻击检测 (最近2小时)... [in D:\uaes_project\python项目\AI_attack\ai_ids\app.py:146]
2025-05-22 20:34:52,034 INFO: 告警数据不足，无法进行检测，当前只有 1 条告警 [in D:\uaes_project\python项目\AI_attack\ai_ids\app.py:161]
2025-05-22 20:35:04,983 INFO: AI-IDS API服务启动 [in D:\uaes_project\python项目\AI_attack\ai_ids\app.py:55]
2025-05-22 20:35:05,015 INFO: 加载模型... [in D:\uaes_project\python项目\AI_attack\ai_ids\app.py:82]
2025-05-22 20:35:05,360 INFO: 所有模型加载成功 [in D:\uaes_project\python项目\AI_attack\ai_ids\app.py:91]
2025-05-22 20:35:05,362 INFO: 定时任务已设置 [in D:\uaes_project\python项目\AI_attack\ai_ids\app.py:212]
2025-05-22 20:35:05,365 INFO: 开始自动零日攻击检测 (最近2小时)... [in D:\uaes_project\python项目\AI_attack\ai_ids\app.py:146]
2025-05-22 20:35:05,397 INFO: 告警数据不足，无法进行检测，当前只有 1 条告警 [in D:\uaes_project\python项目\AI_attack\ai_ids\app.py:161]
2025-05-22 20:37:00,419 INFO: AI-IDS API服务启动 [in D:\uaes_project\python项目\AI_attack\ai_ids\app.py:55]
2025-05-22 20:37:00,470 INFO: 加载模型... [in D:\uaes_project\python项目\AI_attack\ai_ids\app.py:82]
2025-05-22 20:37:00,737 INFO: 所有模型加载成功 [in D:\uaes_project\python项目\AI_attack\ai_ids\app.py:91]
2025-05-22 20:37:00,739 INFO: 定时任务已设置 [in D:\uaes_project\python项目\AI_attack\ai_ids\app.py:212]
2025-05-22 20:37:00,742 INFO: 开始自动零日攻击检测 (最近2小时)... [in D:\uaes_project\python项目\AI_attack\ai_ids\app.py:146]
2025-05-22 20:37:00,778 INFO: 告警数据不足，无法进行检测，当前只有 1 条告警 [in D:\uaes_project\python项目\AI_attack\ai_ids\app.py:161]
2025-05-22 20:38:37,353 INFO: AI-IDS API服务启动 [in D:\uaes_project\python项目\AI_attack\ai_ids\app.py:55]
2025-05-22 20:38:37,403 INFO: 加载模型... [in D:\uaes_project\python项目\AI_attack\ai_ids\app.py:82]
2025-05-22 20:38:37,648 INFO: 所有模型加载成功 [in D:\uaes_project\python项目\AI_attack\ai_ids\app.py:91]
2025-05-22 20:38:37,650 INFO: 定时任务已设置 [in D:\uaes_project\python项目\AI_attack\ai_ids\app.py:212]
2025-05-22 20:38:37,653 INFO: 开始自动零日攻击检测 (最近2小时)... [in D:\uaes_project\python项目\AI_attack\ai_ids\app.py:146]
2025-05-22 20:38:37,679 INFO: 告警数据不足，无法进行检测，当前只有 1 条告警 [in D:\uaes_project\python项目\AI_attack\ai_ids\app.py:161]
2025-05-22 20:39:59,851 INFO: AI-IDS API服务启动 [in D:\uaes_project\python项目\AI_attack\ai_ids\app.py:68]
2025-05-22 20:39:59,905 INFO: 加载模型... [in D:\uaes_project\python项目\AI_attack\ai_ids\app.py:95]
2025-05-22 20:40:00,214 INFO: 所有模型加载成功 [in D:\uaes_project\python项目\AI_attack\ai_ids\app.py:104]
2025-05-22 20:40:00,217 INFO: 定时任务已设置 [in D:\uaes_project\python项目\AI_attack\ai_ids\app.py:225]
2025-05-22 20:40:00,220 INFO: 开始自动零日攻击检测 (最近2小时)... [in D:\uaes_project\python项目\AI_attack\ai_ids\app.py:159]
2025-05-22 20:40:00,253 INFO: 告警数据不足，无法进行检测，当前只有 1 条告警 [in D:\uaes_project\python项目\AI_attack\ai_ids\app.py:174]
2025-05-22 22:26:12,322 INFO: 开始自动零日攻击检测 (最近2小时)... [in D:\uaes_project\python项目\AI_attack\ai_ids\app.py:140]
2025-05-22 22:26:31,628 INFO: 告警数据不足，无法进行检测，当前只有 0 条告警 [in D:\uaes_project\python项目\AI_attack\ai_ids\app.py:155]
2025-05-22 22:37:01,735 INFO: 开始自动零日攻击检测 (最近2小时)... [in D:\uaes_project\python项目\AI_attack\ai_ids\app.py:146]
2025-05-22 22:37:10,867 INFO: 告警数据不足，无法进行检测，当前只有 0 条告警 [in D:\uaes_project\python项目\AI_attack\ai_ids\app.py:161]
2025-05-22 22:40:01,181 INFO: 开始自动零日攻击检测 (最近2小时)... [in D:\uaes_project\python项目\AI_attack\ai_ids\app.py:159]
2025-05-22 22:40:10,334 INFO: 告警数据不足，无法进行检测，当前只有 0 条告警 [in D:\uaes_project\python项目\AI_attack\ai_ids\app.py:174]
2025-05-23 00:26:32,572 INFO: 开始自动零日攻击检测 (最近2小时)... [in D:\uaes_project\python项目\AI_attack\ai_ids\app.py:140]
2025-05-23 00:26:32,617 INFO: 告警数据不足，无法进行检测，当前只有 0 条告警 [in D:\uaes_project\python项目\AI_attack\ai_ids\app.py:155]
2025-05-23 00:37:11,883 INFO: 开始自动零日攻击检测 (最近2小时)... [in D:\uaes_project\python项目\AI_attack\ai_ids\app.py:146]
2025-05-23 00:37:11,892 INFO: 告警数据不足，无法进行检测，当前只有 0 条告警 [in D:\uaes_project\python项目\AI_attack\ai_ids\app.py:161]
2025-05-23 00:40:11,291 INFO: 开始自动零日攻击检测 (最近2小时)... [in D:\uaes_project\python项目\AI_attack\ai_ids\app.py:159]
2025-05-23 00:40:11,298 INFO: 告警数据不足，无法进行检测，当前只有 0 条告警 [in D:\uaes_project\python项目\AI_attack\ai_ids\app.py:174]
2025-05-23 02:00:11,916 INFO: 开始自动更新基线数据... [in D:\uaes_project\python项目\AI_attack\ai_ids\app.py:118]
2025-05-23 02:00:11,990 INFO: 基线数据更新完成，添加了 0 条记录 [in D:\uaes_project\python项目\AI_attack\ai_ids\app.py:132]
2025-05-23 02:00:12,556 INFO: 开始自动更新基线数据... [in D:\uaes_project\python项目\AI_attack\ai_ids\app.py:105]
2025-05-23 02:00:12,619 INFO: 基线数据更新完成，添加了 0 条记录 [in D:\uaes_project\python项目\AI_attack\ai_ids\app.py:119]
2025-05-23 02:00:33,380 INFO: 开始自动更新基线数据... [in D:\uaes_project\python项目\AI_attack\ai_ids\app.py:99]
2025-05-23 02:00:33,442 INFO: 基线数据更新完成，添加了 0 条记录 [in D:\uaes_project\python项目\AI_attack\ai_ids\app.py:113]
2025-05-23 02:26:33,665 INFO: 开始自动零日攻击检测 (最近2小时)... [in D:\uaes_project\python项目\AI_attack\ai_ids\app.py:140]
2025-05-23 02:26:33,672 INFO: 告警数据不足，无法进行检测，当前只有 0 条告警 [in D:\uaes_project\python项目\AI_attack\ai_ids\app.py:155]
2025-05-23 02:37:12,926 INFO: 开始自动零日攻击检测 (最近2小时)... [in D:\uaes_project\python项目\AI_attack\ai_ids\app.py:146]
2025-05-23 02:37:12,935 INFO: 告警数据不足，无法进行检测，当前只有 0 条告警 [in D:\uaes_project\python项目\AI_attack\ai_ids\app.py:161]
2025-05-23 02:40:12,336 INFO: 开始自动零日攻击检测 (最近2小时)... [in D:\uaes_project\python项目\AI_attack\ai_ids\app.py:159]
2025-05-23 02:40:12,345 INFO: 告警数据不足，无法进行检测，当前只有 0 条告警 [in D:\uaes_project\python项目\AI_attack\ai_ids\app.py:174]
2025-05-23 04:26:34,687 INFO: 开始自动零日攻击检测 (最近2小时)... [in D:\uaes_project\python项目\AI_attack\ai_ids\app.py:140]
2025-05-23 04:26:34,696 INFO: 告警数据不足，无法进行检测，当前只有 0 条告警 [in D:\uaes_project\python项目\AI_attack\ai_ids\app.py:155]
2025-05-23 04:37:13,874 INFO: 开始自动零日攻击检测 (最近2小时)... [in D:\uaes_project\python项目\AI_attack\ai_ids\app.py:146]
2025-05-23 04:37:13,882 INFO: 告警数据不足，无法进行检测，当前只有 0 条告警 [in D:\uaes_project\python项目\AI_attack\ai_ids\app.py:161]
2025-05-23 04:40:13,283 INFO: 开始自动零日攻击检测 (最近2小时)... [in D:\uaes_project\python项目\AI_attack\ai_ids\app.py:159]
2025-05-23 04:40:13,293 INFO: 告警数据不足，无法进行检测，当前只有 0 条告警 [in D:\uaes_project\python项目\AI_attack\ai_ids\app.py:174]
2025-05-23 06:26:35,654 INFO: 开始自动零日攻击检测 (最近2小时)... [in D:\uaes_project\python项目\AI_attack\ai_ids\app.py:140]
2025-05-23 06:26:35,663 INFO: 告警数据不足，无法进行检测，当前只有 0 条告警 [in D:\uaes_project\python项目\AI_attack\ai_ids\app.py:155]
2025-05-23 06:37:14,814 INFO: 开始自动零日攻击检测 (最近2小时)... [in D:\uaes_project\python项目\AI_attack\ai_ids\app.py:146]
2025-05-23 06:37:14,823 INFO: 告警数据不足，无法进行检测，当前只有 0 条告警 [in D:\uaes_project\python项目\AI_attack\ai_ids\app.py:161]
2025-05-23 06:40:14,231 INFO: 开始自动零日攻击检测 (最近2小时)... [in D:\uaes_project\python项目\AI_attack\ai_ids\app.py:159]
2025-05-23 06:40:14,240 INFO: 告警数据不足，无法进行检测，当前只有 0 条告警 [in D:\uaes_project\python项目\AI_attack\ai_ids\app.py:174]
2025-05-23 08:26:36,625 INFO: 开始自动零日攻击检测 (最近2小时)... [in D:\uaes_project\python项目\AI_attack\ai_ids\app.py:140]
2025-05-23 08:26:36,635 INFO: 告警数据不足，无法进行检测，当前只有 0 条告警 [in D:\uaes_project\python项目\AI_attack\ai_ids\app.py:155]
2025-05-23 08:37:15,861 INFO: 开始自动零日攻击检测 (最近2小时)... [in D:\uaes_project\python项目\AI_attack\ai_ids\app.py:146]
2025-05-23 08:37:15,876 INFO: 告警数据不足，无法进行检测，当前只有 0 条告警 [in D:\uaes_project\python项目\AI_attack\ai_ids\app.py:161]
2025-05-23 08:40:15,230 INFO: 开始自动零日攻击检测 (最近2小时)... [in D:\uaes_project\python项目\AI_attack\ai_ids\app.py:159]
2025-05-23 08:40:15,239 INFO: 告警数据不足，无法进行检测，当前只有 0 条告警 [in D:\uaes_project\python项目\AI_attack\ai_ids\app.py:174]
2025-05-23 08:47:16,367 INFO: AI-IDS API服务启动 [in D:\uaes_project\python项目\AI_attack\ai_ids\app.py:102]
2025-05-23 08:47:16,410 INFO: 加载模型... [in D:\uaes_project\python项目\AI_attack\ai_ids\app.py:129]
2025-05-23 08:47:16,690 INFO: 所有模型加载成功 [in D:\uaes_project\python项目\AI_attack\ai_ids\app.py:138]
2025-05-23 08:47:16,692 INFO: 定时任务已设置 [in D:\uaes_project\python项目\AI_attack\ai_ids\app.py:259]
2025-05-23 08:47:16,696 INFO: 开始自动零日攻击检测 (最近2小时)... [in D:\uaes_project\python项目\AI_attack\ai_ids\app.py:193]
2025-05-23 08:47:16,738 INFO: 告警数据不足，无法进行检测，当前只有 0 条告警 [in D:\uaes_project\python项目\AI_attack\ai_ids\app.py:208]
2025-05-23 08:50:18,224 INFO: AI-IDS API服务启动 [in D:\uaes_project\python项目\AI_attack\ai_ids\app.py:102]
2025-05-23 08:50:18,261 INFO: 加载模型... [in D:\uaes_project\python项目\AI_attack\ai_ids\app.py:129]
2025-05-23 08:50:18,498 INFO: 所有模型加载成功 [in D:\uaes_project\python项目\AI_attack\ai_ids\app.py:138]
2025-05-23 08:50:18,498 INFO: 定时任务已设置 [in D:\uaes_project\python项目\AI_attack\ai_ids\app.py:259]
2025-05-23 08:50:18,502 INFO: 开始自动零日攻击检测 (最近2小时)... [in D:\uaes_project\python项目\AI_attack\ai_ids\app.py:193]
2025-05-23 08:50:18,555 INFO: 告警数据不足，无法进行检测，当前只有 0 条告警 [in D:\uaes_project\python项目\AI_attack\ai_ids\app.py:208]
2025-05-23 08:51:29,266 INFO: AI-IDS API服务启动 [in D:\uaes_project\python项目\AI_attack\ai_ids\app.py:118]
2025-05-23 08:51:29,314 INFO: 加载模型... [in D:\uaes_project\python项目\AI_attack\ai_ids\app.py:145]
2025-05-23 08:51:29,575 INFO: 所有模型加载成功 [in D:\uaes_project\python项目\AI_attack\ai_ids\app.py:154]
2025-05-23 08:51:29,577 INFO: 定时任务已设置 [in D:\uaes_project\python项目\AI_attack\ai_ids\app.py:275]
2025-05-23 08:51:29,581 INFO: 开始自动零日攻击检测 (最近2小时)... [in D:\uaes_project\python项目\AI_attack\ai_ids\app.py:209]
2025-05-23 08:51:29,605 INFO: 告警数据不足，无法进行检测，当前只有 0 条告警 [in D:\uaes_project\python项目\AI_attack\ai_ids\app.py:224]
2025-05-23 08:53:23,583 INFO: AI-IDS API服务启动 [in D:\uaes_project\python项目\AI_attack\ai_ids\app.py:133]
2025-05-23 08:53:23,676 INFO: 加载模型... [in D:\uaes_project\python项目\AI_attack\ai_ids\app.py:160]
2025-05-23 08:53:24,716 INFO: 所有模型加载成功 [in D:\uaes_project\python项目\AI_attack\ai_ids\app.py:169]
2025-05-23 08:53:24,723 INFO: 定时任务已设置 [in D:\uaes_project\python项目\AI_attack\ai_ids\app.py:290]
2025-05-23 08:53:24,731 INFO: 开始自动零日攻击检测 (最近2小时)... [in D:\uaes_project\python项目\AI_attack\ai_ids\app.py:224]
2025-05-23 08:53:24,775 INFO: 告警数据不足，无法进行检测，当前只有 0 条告警 [in D:\uaes_project\python项目\AI_attack\ai_ids\app.py:239]
2025-05-23 08:57:25,195 INFO: AI-IDS API服务启动 [in D:\uaes_project\python项目\AI_attack\ai_ids\app.py:93]
2025-05-23 08:57:25,240 INFO: 加载模型... [in D:\uaes_project\python项目\AI_attack\ai_ids\app.py:120]
2025-05-23 08:57:25,513 INFO: 所有模型加载成功 [in D:\uaes_project\python项目\AI_attack\ai_ids\app.py:129]
2025-05-23 08:57:25,515 INFO: 定时任务已设置 [in D:\uaes_project\python项目\AI_attack\ai_ids\app.py:250]
2025-05-23 08:57:25,518 INFO: 开始自动零日攻击检测 (最近2小时)... [in D:\uaes_project\python项目\AI_attack\ai_ids\app.py:184]
2025-05-23 08:57:25,576 INFO: 告警数据不足，无法进行检测，当前只有 0 条告警 [in D:\uaes_project\python项目\AI_attack\ai_ids\app.py:199]
2025-05-23 08:58:47,193 INFO: AI-IDS API服务启动 [in D:\uaes_project\python项目\AI_attack\ai_ids\app.py:143]
2025-05-23 08:58:47,229 INFO: 加载模型... [in D:\uaes_project\python项目\AI_attack\ai_ids\app.py:170]
2025-05-23 08:58:47,502 INFO: 所有模型加载成功 [in D:\uaes_project\python项目\AI_attack\ai_ids\app.py:179]
2025-05-23 08:58:47,503 INFO: 定时任务已设置 [in D:\uaes_project\python项目\AI_attack\ai_ids\app.py:300]
2025-05-23 08:58:47,507 INFO: 开始自动零日攻击检测 (最近2小时)... [in D:\uaes_project\python项目\AI_attack\ai_ids\app.py:234]
2025-05-23 08:58:47,535 INFO: 告警数据不足，无法进行检测，当前只有 0 条告警 [in D:\uaes_project\python项目\AI_attack\ai_ids\app.py:249]
2025-05-23 10:26:37,805 INFO: 开始自动零日攻击检测 (最近2小时)... [in D:\uaes_project\python项目\AI_attack\ai_ids\app.py:140]
2025-05-23 10:26:37,832 INFO: 告警数据不足，无法进行检测，当前只有 0 条告警 [in D:\uaes_project\python项目\AI_attack\ai_ids\app.py:155]
2025-05-23 10:40:16,214 INFO: 开始自动零日攻击检测 (最近2小时)... [in D:\uaes_project\python项目\AI_attack\ai_ids\app.py:159]
2025-05-23 10:40:16,228 INFO: 告警数据不足，无法进行检测，当前只有 0 条告警 [in D:\uaes_project\python项目\AI_attack\ai_ids\app.py:174]
2025-05-23 10:47:17,607 INFO: 开始自动零日攻击检测 (最近2小时)... [in D:\uaes_project\python项目\AI_attack\ai_ids\app.py:193]
2025-05-23 10:47:26,896 INFO: 告警数据不足，无法进行检测，当前只有 0 条告警 [in D:\uaes_project\python项目\AI_attack\ai_ids\app.py:208]
2025-05-23 10:50:19,482 INFO: 开始自动零日攻击检测 (最近2小时)... [in D:\uaes_project\python项目\AI_attack\ai_ids\app.py:193]
2025-05-23 10:50:28,635 INFO: 告警数据不足，无法进行检测，当前只有 0 条告警 [in D:\uaes_project\python项目\AI_attack\ai_ids\app.py:208]
2025-05-23 10:51:30,612 INFO: 开始自动零日攻击检测 (最近2小时)... [in D:\uaes_project\python项目\AI_attack\ai_ids\app.py:209]
2025-05-23 10:51:39,697 INFO: 告警数据不足，无法进行检测，当前只有 0 条告警 [in D:\uaes_project\python项目\AI_attack\ai_ids\app.py:224]
2025-05-23 10:53:25,628 INFO: 开始自动零日攻击检测 (最近2小时)... [in D:\uaes_project\python项目\AI_attack\ai_ids\app.py:224]
2025-05-23 10:53:34,854 INFO: 告警数据不足，无法进行检测，当前只有 0 条告警 [in D:\uaes_project\python项目\AI_attack\ai_ids\app.py:239]
2025-05-23 10:57:26,530 INFO: 开始自动零日攻击检测 (最近2小时)... [in D:\uaes_project\python项目\AI_attack\ai_ids\app.py:184]
2025-05-23 10:57:35,672 INFO: 告警数据不足，无法进行检测，当前只有 0 条告警 [in D:\uaes_project\python项目\AI_attack\ai_ids\app.py:199]
2025-05-23 10:58:48,425 INFO: 开始自动零日攻击检测 (最近2小时)... [in D:\uaes_project\python项目\AI_attack\ai_ids\app.py:234]
2025-05-23 10:59:07,602 INFO: 告警数据不足，无法进行检测，当前只有 0 条告警 [in D:\uaes_project\python项目\AI_attack\ai_ids\app.py:249]
2025-05-23 12:26:38,776 INFO: 开始自动零日攻击检测 (最近2小时)... [in D:\uaes_project\python项目\AI_attack\ai_ids\app.py:140]
2025-05-23 12:26:38,787 INFO: 告警数据不足，无法进行检测，当前只有 0 条告警 [in D:\uaes_project\python项目\AI_attack\ai_ids\app.py:155]
2025-05-23 12:40:17,273 INFO: 开始自动零日攻击检测 (最近2小时)... [in D:\uaes_project\python项目\AI_attack\ai_ids\app.py:159]
2025-05-23 12:40:17,291 INFO: 告警数据不足，无法进行检测，当前只有 0 条告警 [in D:\uaes_project\python项目\AI_attack\ai_ids\app.py:174]
2025-05-23 12:47:27,854 INFO: 开始自动零日攻击检测 (最近2小时)... [in D:\uaes_project\python项目\AI_attack\ai_ids\app.py:193]
2025-05-23 12:47:27,865 INFO: 告警数据不足，无法进行检测，当前只有 0 条告警 [in D:\uaes_project\python项目\AI_attack\ai_ids\app.py:208]
2025-05-23 12:50:29,643 INFO: 开始自动零日攻击检测 (最近2小时)... [in D:\uaes_project\python项目\AI_attack\ai_ids\app.py:193]
2025-05-23 12:50:29,653 INFO: 告警数据不足，无法进行检测，当前只有 0 条告警 [in D:\uaes_project\python项目\AI_attack\ai_ids\app.py:208]
2025-05-23 12:51:40,686 INFO: 开始自动零日攻击检测 (最近2小时)... [in D:\uaes_project\python项目\AI_attack\ai_ids\app.py:209]
2025-05-23 12:51:40,698 INFO: 告警数据不足，无法进行检测，当前只有 0 条告警 [in D:\uaes_project\python项目\AI_attack\ai_ids\app.py:224]
2025-05-23 12:53:35,803 INFO: 开始自动零日攻击检测 (最近2小时)... [in D:\uaes_project\python项目\AI_attack\ai_ids\app.py:224]
2025-05-23 12:53:35,813 INFO: 告警数据不足，无法进行检测，当前只有 0 条告警 [in D:\uaes_project\python项目\AI_attack\ai_ids\app.py:239]
2025-05-23 12:57:36,676 INFO: 开始自动零日攻击检测 (最近2小时)... [in D:\uaes_project\python项目\AI_attack\ai_ids\app.py:184]
2025-05-23 12:57:36,688 INFO: 告警数据不足，无法进行检测，当前只有 0 条告警 [in D:\uaes_project\python项目\AI_attack\ai_ids\app.py:199]
2025-05-23 12:59:08,636 INFO: 开始自动零日攻击检测 (最近2小时)... [in D:\uaes_project\python项目\AI_attack\ai_ids\app.py:234]
2025-05-23 12:59:08,649 INFO: 告警数据不足，无法进行检测，当前只有 0 条告警 [in D:\uaes_project\python项目\AI_attack\ai_ids\app.py:249]
2025-05-23 14:26:39,698 INFO: 开始自动零日攻击检测 (最近2小时)... [in D:\uaes_project\python项目\AI_attack\ai_ids\app.py:140]
2025-05-23 14:26:39,707 INFO: 告警数据不足，无法进行检测，当前只有 0 条告警 [in D:\uaes_project\python项目\AI_attack\ai_ids\app.py:155]
2025-05-23 14:40:18,262 INFO: 开始自动零日攻击检测 (最近2小时)... [in D:\uaes_project\python项目\AI_attack\ai_ids\app.py:159]
2025-05-23 14:40:18,275 INFO: 告警数据不足，无法进行检测，当前只有 0 条告警 [in D:\uaes_project\python项目\AI_attack\ai_ids\app.py:174]
2025-05-23 14:47:28,860 INFO: 开始自动零日攻击检测 (最近2小时)... [in D:\uaes_project\python项目\AI_attack\ai_ids\app.py:193]
2025-05-23 14:47:28,873 INFO: 告警数据不足，无法进行检测，当前只有 0 条告警 [in D:\uaes_project\python项目\AI_attack\ai_ids\app.py:208]
2025-05-23 14:50:30,566 INFO: 开始自动零日攻击检测 (最近2小时)... [in D:\uaes_project\python项目\AI_attack\ai_ids\app.py:193]
2025-05-23 14:50:30,580 INFO: 告警数据不足，无法进行检测，当前只有 0 条告警 [in D:\uaes_project\python项目\AI_attack\ai_ids\app.py:208]
2025-05-23 14:51:41,567 INFO: 开始自动零日攻击检测 (最近2小时)... [in D:\uaes_project\python项目\AI_attack\ai_ids\app.py:209]
2025-05-23 14:51:41,578 INFO: 告警数据不足，无法进行检测，当前只有 0 条告警 [in D:\uaes_project\python项目\AI_attack\ai_ids\app.py:224]
2025-05-23 14:53:36,752 INFO: 开始自动零日攻击检测 (最近2小时)... [in D:\uaes_project\python项目\AI_attack\ai_ids\app.py:224]
2025-05-23 14:53:36,764 INFO: 告警数据不足，无法进行检测，当前只有 0 条告警 [in D:\uaes_project\python项目\AI_attack\ai_ids\app.py:239]
2025-05-23 14:57:37,712 INFO: 开始自动零日攻击检测 (最近2小时)... [in D:\uaes_project\python项目\AI_attack\ai_ids\app.py:184]
2025-05-23 14:57:37,724 INFO: 告警数据不足，无法进行检测，当前只有 0 条告警 [in D:\uaes_project\python项目\AI_attack\ai_ids\app.py:199]
2025-05-23 14:59:09,645 INFO: 开始自动零日攻击检测 (最近2小时)... [in D:\uaes_project\python项目\AI_attack\ai_ids\app.py:234]
2025-05-23 14:59:09,658 INFO: 告警数据不足，无法进行检测，当前只有 0 条告警 [in D:\uaes_project\python项目\AI_attack\ai_ids\app.py:249]
2025-05-23 16:25:01,741 INFO: AI-IDS API服务启动 [in D:\uaes_project\python项目\AI_attack\ai_ids\app.py:49]
2025-05-23 16:25:01,888 INFO: 加载模型... [in D:\uaes_project\python项目\AI_attack\ai_ids\app.py:76]
2025-05-23 16:25:02,571 INFO: 所有模型加载成功 [in D:\uaes_project\python项目\AI_attack\ai_ids\app.py:85]
2025-05-23 16:25:02,575 INFO: 定时任务已设置 [in D:\uaes_project\python项目\AI_attack\ai_ids\app.py:206]
2025-05-23 16:25:02,586 INFO: 开始自动零日攻击检测 (最近2小时)... [in D:\uaes_project\python项目\AI_attack\ai_ids\app.py:140]
2025-05-23 16:25:02,650 INFO: 获取到 31 条告警数据，开始检测... [in D:\uaes_project\python项目\AI_attack\ai_ids\app.py:158]
2025-05-23 16:25:03,493 INFO: 检测完成: 发现 29 个异常，其中 0 个可能是零日攻击 [in D:\uaes_project\python项目\AI_attack\ai_ids\app.py:176]
2025-05-23 16:25:20,464 ERROR: 获取数据统计失败: 'NoneType' object has no attribute 'empty' [in D:\uaes_project\python项目\AI_attack\ai_ids\app.py:716]
2025-05-23 16:25:47,829 INFO: 加载模型... [in D:\uaes_project\python项目\AI_attack\ai_ids\app.py:76]
2025-05-23 16:25:47,995 INFO: 所有模型加载成功 [in D:\uaes_project\python项目\AI_attack\ai_ids\app.py:85]
2025-05-23 16:26:12,703 ERROR: 获取零日攻击历史记录失败: 'NoneType' object has no attribute 'empty' [in D:\uaes_project\python项目\AI_attack\ai_ids\app.py:443]
2025-05-23 16:26:17,271 ERROR: 获取零日攻击历史记录失败: 'NoneType' object has no attribute 'empty' [in D:\uaes_project\python项目\AI_attack\ai_ids\app.py:443]
2025-05-23 16:26:40,638 INFO: 开始自动零日攻击检测 (最近2小时)... [in D:\uaes_project\python项目\AI_attack\ai_ids\app.py:140]
2025-05-23 16:26:40,646 INFO: 告警数据不足，无法进行检测，当前只有 0 条告警 [in D:\uaes_project\python项目\AI_attack\ai_ids\app.py:155]
2025-05-23 16:26:59,150 ERROR: 生成图表失败: <matplotlib.backends.backend_agg.RendererAgg object at 0x000001B177C5C400> [in D:\uaes_project\python项目\AI_attack\ai_ids\app.py:672]
2025-05-23 16:27:01,150 ERROR: 生成图表失败: main thread is not in main loop [in D:\uaes_project\python项目\AI_attack\ai_ids\app.py:672]
2025-05-23 16:27:34,694 ERROR: 获取零日攻击历史记录失败: 'NoneType' object has no attribute 'empty' [in D:\uaes_project\python项目\AI_attack\ai_ids\app.py:443]
2025-05-23 16:30:30,826 ERROR: 获取零日攻击历史记录失败: 'NoneType' object has no attribute 'empty' [in D:\uaes_project\python项目\AI_attack\ai_ids\app.py:443]
2025-05-23 16:30:31,602 ERROR: 生成图表失败: Can only use .dt accessor with datetimelike values [in D:\uaes_project\python项目\AI_attack\ai_ids\app.py:865]
2025-05-23 16:30:33,583 ERROR: 生成图表失败: X has 189 features, but KMeans is expecting 10 features as input. [in D:\uaes_project\python项目\AI_attack\ai_ids\app.py:865]
2025-05-23 16:30:39,776 ERROR: 获取零日攻击历史记录失败: 'NoneType' object has no attribute 'empty' [in D:\uaes_project\python项目\AI_attack\ai_ids\app.py:443]
2025-05-23 16:30:41,082 ERROR: 生成图表失败: Can only use .dt accessor with datetimelike values [in D:\uaes_project\python项目\AI_attack\ai_ids\app.py:865]
2025-05-23 16:30:42,371 ERROR: 生成图表失败: X has 189 features, but KMeans is expecting 10 features as input. [in D:\uaes_project\python项目\AI_attack\ai_ids\app.py:865]
2025-05-23 16:30:43,014 ERROR: 获取零日攻击历史记录失败: 'NoneType' object has no attribute 'empty' [in D:\uaes_project\python项目\AI_attack\ai_ids\app.py:443]
2025-05-23 16:36:44,510 INFO: AI-IDS API服务启动 [in D:\uaes_project\python项目\AI_attack\ai_ids\app.py:49]
2025-05-23 16:36:44,550 INFO: 加载模型... [in D:\uaes_project\python项目\AI_attack\ai_ids\app.py:76]
2025-05-23 16:36:44,800 INFO: 所有模型加载成功 [in D:\uaes_project\python项目\AI_attack\ai_ids\app.py:85]
2025-05-23 16:36:44,801 INFO: 定时任务已设置 [in D:\uaes_project\python项目\AI_attack\ai_ids\app.py:212]
2025-05-23 16:36:44,805 INFO: 开始自动零日攻击检测 (最近2小时)... [in D:\uaes_project\python项目\AI_attack\ai_ids\app.py:142]
2025-05-23 16:36:44,844 INFO: 获取到 30 条告警数据，开始检测... [in D:\uaes_project\python项目\AI_attack\ai_ids\app.py:160]
2025-05-23 16:36:45,254 INFO: 检测完成: 发现 28 个异常，其中 0 个可能是零日攻击 [in D:\uaes_project\python项目\AI_attack\ai_ids\app.py:178]
2025-05-23 16:37:31,173 INFO: 加载模型... [in D:\uaes_project\python项目\AI_attack\ai_ids\app.py:76]
2025-05-23 16:37:31,474 INFO: 所有模型加载成功 [in D:\uaes_project\python项目\AI_attack\ai_ids\app.py:85]
2025-05-23 16:41:59,316 INFO: AI-IDS API服务启动 [in D:\uaes_project\python项目\AI_attack\ai_ids\app.py:49]
2025-05-23 16:41:59,351 INFO: 加载模型... [in D:\uaes_project\python项目\AI_attack\ai_ids\app.py:76]
2025-05-23 16:41:59,599 INFO: 所有模型加载成功 [in D:\uaes_project\python项目\AI_attack\ai_ids\app.py:85]
2025-05-23 16:41:59,600 INFO: 定时任务已设置 [in D:\uaes_project\python项目\AI_attack\ai_ids\app.py:212]
2025-05-23 16:41:59,603 INFO: 开始自动零日攻击检测 (最近2小时)... [in D:\uaes_project\python项目\AI_attack\ai_ids\app.py:142]
2025-05-23 16:41:59,636 INFO: 获取到 29 条告警数据，开始检测... [in D:\uaes_project\python项目\AI_attack\ai_ids\app.py:160]
2025-05-23 16:42:00,092 INFO: 检测完成: 发现 27 个异常，其中 0 个可能是零日攻击 [in D:\uaes_project\python项目\AI_attack\ai_ids\app.py:178]
2025-05-23 16:43:23,717 INFO: 加载模型... [in D:\uaes_project\python项目\AI_attack\ai_ids\app.py:76]
2025-05-23 16:43:23,938 INFO: 所有模型加载成功 [in D:\uaes_project\python项目\AI_attack\ai_ids\app.py:85]
2025-05-23 16:47:10,064 INFO: AI-IDS API服务启动 [in D:\uaes_project\python项目\AI_attack\ai_ids\app.py:49]
2025-05-23 16:47:10,097 INFO: 加载模型... [in D:\uaes_project\python项目\AI_attack\ai_ids\app.py:76]
2025-05-23 16:47:10,361 INFO: 所有模型加载成功 [in D:\uaes_project\python项目\AI_attack\ai_ids\app.py:85]
2025-05-23 16:47:10,363 INFO: 定时任务已设置 [in D:\uaes_project\python项目\AI_attack\ai_ids\app.py:212]
2025-05-23 16:47:10,367 INFO: 开始自动零日攻击检测 (最近2小时)... [in D:\uaes_project\python项目\AI_attack\ai_ids\app.py:142]
2025-05-23 16:47:10,407 INFO: 获取到 29 条告警数据，开始检测... [in D:\uaes_project\python项目\AI_attack\ai_ids\app.py:160]
2025-05-23 16:47:10,857 INFO: 检测完成: 发现 27 个异常，其中 0 个可能是零日攻击 [in D:\uaes_project\python项目\AI_attack\ai_ids\app.py:178]
2025-05-23 16:47:57,623 INFO: 加载模型... [in D:\uaes_project\python项目\AI_attack\ai_ids\app.py:76]
2025-05-23 16:47:57,824 INFO: 所有模型加载成功 [in D:\uaes_project\python项目\AI_attack\ai_ids\app.py:85]
2025-05-23 17:07:28,508 INFO: AI-IDS API服务启动 [in D:\uaes_project\python项目\AI_attack\ai_ids\app.py:52]
2025-05-23 17:07:28,562 INFO: 加载模型... [in D:\uaes_project\python项目\AI_attack\ai_ids\app.py:79]
2025-05-23 17:07:28,814 INFO: 所有模型加载成功 [in D:\uaes_project\python项目\AI_attack\ai_ids\app.py:88]
2025-05-23 17:07:28,816 INFO: 定时任务已设置 [in D:\uaes_project\python项目\AI_attack\ai_ids\app.py:215]
2025-05-23 17:07:28,819 INFO: 开始自动零日攻击检测 (最近2小时)... [in D:\uaes_project\python项目\AI_attack\ai_ids\app.py:145]
2025-05-23 17:07:28,858 INFO: 告警数据不足，无法进行检测，当前只有 2 条告警 [in D:\uaes_project\python项目\AI_attack\ai_ids\app.py:160]
2025-05-23 17:08:30,003 INFO: 开始手动训练基线模型... [in D:\uaes_project\python项目\AI_attack\ai_ids\app.py:269]
2025-05-23 17:08:30,957 ERROR: 基线模型训练失败: 未能获取到足够的告警数据用于训练 [in D:\uaes_project\python项目\AI_attack\ai_ids\app.py:285]
2025-05-23 17:08:35,659 INFO: 开始手动训练基线模型... [in D:\uaes_project\python项目\AI_attack\ai_ids\app.py:269]
2025-05-23 17:08:36,617 ERROR: 基线模型训练失败: 未能获取到足够的告警数据用于训练 [in D:\uaes_project\python项目\AI_attack\ai_ids\app.py:285]
2025-05-23 17:10:15,195 INFO: AI-IDS API服务启动 [in D:\uaes_project\python项目\AI_attack\ai_ids\app.py:49]
2025-05-23 17:10:15,233 INFO: 加载模型... [in D:\uaes_project\python项目\AI_attack\ai_ids\app.py:76]
2025-05-23 17:10:15,545 INFO: 所有模型加载成功 [in D:\uaes_project\python项目\AI_attack\ai_ids\app.py:85]
2025-05-23 17:10:15,547 INFO: 定时任务已设置 [in D:\uaes_project\python项目\AI_attack\ai_ids\app.py:212]
2025-05-23 17:10:15,549 INFO: 开始自动零日攻击检测 (最近2小时)... [in D:\uaes_project\python项目\AI_attack\ai_ids\app.py:142]
2025-05-23 17:10:15,586 INFO: 告警数据不足，无法进行检测，当前只有 2 条告警 [in D:\uaes_project\python项目\AI_attack\ai_ids\app.py:157]
2025-05-23 17:11:00,428 INFO: 加载模型... [in D:\uaes_project\python项目\AI_attack\ai_ids\app.py:76]
2025-05-23 17:11:00,787 INFO: 所有模型加载成功 [in D:\uaes_project\python项目\AI_attack\ai_ids\app.py:85]
